<?xml version="1.0" encoding="UTF-8"?>
<!-- Generated by org.testng.reporters.JUnitXMLReporter -->
<testsuite ignored="0" hostname="shubhambarge16" failures="0" tests="3" name="Test" time="17.348" errors="0" timestamp="2025-04-19T19:37:50 IST">
  <testcase classname="aseleniumPOMClasses.TC01_VerifyLoginFunctionality" name="TC01_VerifyLoginFunctionality" time="0.018"/>
  <testcase classname="aseleniumPOMClasses.TC02_VerifyLogOutFunctionality" name="TC02_VerifyLogOutFunctionality" time="0.007"/>
  <testcase classname="aseleniumPOMClasses.TC03_VerifyFbLoginClass" name="TC03_VerifyFbLogin" time="3.955"/>
</testsuite> <!-- Test -->
