<?xml version="1.0" encoding="UTF-8"?>
<testng-results ignored="0" total="1" passed="1" failed="0" skipped="0">
  <reporter-output>
  </reporter-output>
  <suite started-at="2023-01-06T21:56:01 IST" name="Default suite" finished-at="2023-01-06T21:56:02 IST" duration-ms="53">
    <groups>
    </groups>
    <test started-at="2023-01-06T21:56:01 IST" name="Default test" finished-at="2023-01-06T21:56:02 IST" duration-ms="53">
      <class name="btestNGPack.TestNGClass">
        <test-method signature="method1()[pri:0, instance:btestNGPack.TestNGClass@647e447]" started-at="2023-01-06T21:56:02 IST" name="method1" finished-at="2023-01-06T21:56:02 IST" duration-ms="12" status="PASS">
          <reporter-output>
          </reporter-output>
        </test-method> <!-- method1 -->
      </class> <!-- btestNGPack.TestNGClass -->
    </test> <!-- Default test -->
  </suite> <!-- Default suite -->
</testng-results>
