<?xml version="1.0" encoding="UTF-8"?>
<testng-results ignored="0" total="3" passed="3" failed="0" skipped="0">
  <reporter-output>
  </reporter-output>
  <suite started-at="2025-04-19T19:37:32 IST" name="Suite" finished-at="2025-04-19T19:37:50 IST" duration-ms="17348">
    <groups>
    </groups>
    <test started-at="2025-04-19T19:37:32 IST" name="Test" finished-at="2025-04-19T19:37:50 IST" duration-ms="17348">
      <class name="aseleniumPOMClasses.TC03_VerifyFbLoginClass">
        <test-method is-config="true" signature="SetUp()[pri:0, instance:aseleniumPOMClasses.TC03_VerifyFbLoginClass@1afd44cb]" started-at="2025-04-19T19:37:42 IST" name="SetUp" finished-at="2025-04-19T19:37:46 IST" duration-ms="3339" status="PASS">
          <reporter-output>
          </reporter-output>
        </test-method> <!-- SetUp -->
        <test-method signature="TC03_VerifyFbLogin()[pri:0, instance:aseleniumPOMClasses.TC03_VerifyFbLoginClass@1afd44cb]" started-at="2025-04-19T19:37:46 IST" name="TC03_VerifyFbLogin" finished-at="2025-04-19T19:37:50 IST" duration-ms="3955" status="PASS">
          <reporter-output>
          </reporter-output>
        </test-method> <!-- TC03_VerifyFbLogin -->
        <test-method is-config="true" signature="TearDown()[pri:0, instance:aseleniumPOMClasses.TC03_VerifyFbLoginClass@1afd44cb]" started-at="2025-04-19T19:37:50 IST" name="TearDown" finished-at="2025-04-19T19:37:50 IST" duration-ms="107" status="PASS">
          <reporter-output>
          </reporter-output>
        </test-method> <!-- TearDown -->
      </class> <!-- aseleniumPOMClasses.TC03_VerifyFbLoginClass -->
      <class name="aseleniumPOMClasses.TC02_VerifyLogOutFunctionality">
        <test-method is-config="true" signature="setUp()[pri:0, instance:aseleniumPOMClasses.TC02_VerifyLogOutFunctionality@72057ecf]" started-at="2025-04-19T19:37:37 IST" name="setUp" finished-at="2025-04-19T19:37:42 IST" duration-ms="4773" status="PASS">
          <reporter-output>
          </reporter-output>
        </test-method> <!-- setUp -->
        <test-method signature="TC02_VerifyLogOutFunctionality()[pri:0, instance:aseleniumPOMClasses.TC02_VerifyLogOutFunctionality@72057ecf]" started-at="2025-04-19T19:37:42 IST" name="TC02_VerifyLogOutFunctionality" finished-at="2025-04-19T19:37:42 IST" duration-ms="7" status="PASS">
          <reporter-output>
          </reporter-output>
        </test-method> <!-- TC02_VerifyLogOutFunctionality -->
        <test-method is-config="true" signature="TearDown()[pri:0, instance:aseleniumPOMClasses.TC02_VerifyLogOutFunctionality@72057ecf]" started-at="2025-04-19T19:37:42 IST" name="TearDown" finished-at="2025-04-19T19:37:42 IST" duration-ms="92" status="PASS">
          <reporter-output>
          </reporter-output>
        </test-method> <!-- TearDown -->
      </class> <!-- aseleniumPOMClasses.TC02_VerifyLogOutFunctionality -->
      <class name="aseleniumPOMClasses.TC01_VerifyLoginFunctionality">
        <test-method is-config="true" signature="setUp()[pri:0, instance:aseleniumPOMClasses.TC01_VerifyLoginFunctionality@31368b99]" started-at="2025-04-19T19:37:32 IST" name="setUp" finished-at="2025-04-19T19:37:37 IST" duration-ms="4913" status="PASS">
          <reporter-output>
          </reporter-output>
        </test-method> <!-- setUp -->
        <test-method signature="TC01_VerifyLoginFunctionality()[pri:0, instance:aseleniumPOMClasses.TC01_VerifyLoginFunctionality@31368b99]" started-at="2025-04-19T19:37:37 IST" name="TC01_VerifyLoginFunctionality" finished-at="2025-04-19T19:37:37 IST" duration-ms="18" status="PASS">
          <reporter-output>
          </reporter-output>
        </test-method> <!-- TC01_VerifyLoginFunctionality -->
        <test-method is-config="true" signature="TearDown()[pri:0, instance:aseleniumPOMClasses.TC01_VerifyLoginFunctionality@31368b99]" started-at="2025-04-19T19:37:37 IST" name="TearDown" finished-at="2025-04-19T19:37:37 IST" duration-ms="105" status="PASS">
          <reporter-output>
          </reporter-output>
        </test-method> <!-- TearDown -->
      </class> <!-- aseleniumPOMClasses.TC01_VerifyLoginFunctionality -->
    </test> <!-- Test -->
  </suite> <!-- Suite -->
</testng-results>
